TIMESTAMP: 56, UE_ID: 9, CELL_SOURCE_ID: 53, CELL_TARGET_ID: 55, RSRP_SOURCE: -107.97, RSRP_TARGET: -68.91, RSRQ_SOURCE: -3.00, RSRQ_TARGET: -3.00, SINR_SOURCE: 0.30, SINR_TARGET: 40.68, TIME_TO_TRIGGER: 12.00, A3_OFFSET: 10.00, HOF: 1
TIMESTAMP: 57, UE_ID: 61, CELL_SOURCE_ID: 39, CELL_TARGET_ID: 10, RSRP_SOURCE: -109.69, RSRP_TARGET: -99.24, RSRQ_SOURCE: -3.00, RSRQ_TARGET: -3.00, SINR_SOURCE: -2.61, SINR_TARGET: 14.37, TIME_TO_TRIGGER: 12.00, A3_OFFSET: 10.00, HOF: 1
TIMESTAMP: 58, UE_ID: 45, CELL_SOURCE_ID: 34, CELL_TARGET_ID: 37, RSRP_SOURCE: -109.38, RSRP_TARGET: -92.81, RSRQ_SOURCE: -3.00, RSRQ_TARGET: -3.00, SINR_SOURCE: 0.07, SINR_TARGET: 14.22, TIME_TO_TRIGGER: 12.00, A3_OFFSET: 10.00, HOF: 1
TIMESTAMP: 60, UE_ID: 35, CELL_SOURCE_ID: 52, CELL_TARGET_ID: 55, RSRP_SOURCE: -109.89, RSRP_TARGET: -88.05, RSRQ_SOURCE: -3.00, RSRQ_TARGET: -3.00, SINR_SOURCE: 0.33, SINR_TARGET: 19.20, TIME_TO_TRIGGER: 12.00, A3_OFFSET: 10.00, HOF: 1
TIMESTAMP: 61, UE_ID: 58, CELL_SOURCE_ID: 41, CELL_TARGET_ID: 43, RSRP_SOURCE: -109.52, RSRP_TARGET: -87.00, RSRQ_SOURCE: -3.00, RSRQ_TARGET: -3.00, SINR_SOURCE: 1.78, SINR_TARGET: 25.75, TIME_TO_TRIGGER: 12.00, A3_OFFSET: 10.00, HOF: 1
TIMESTAMP: 62, UE_ID: 74, CELL_SOURCE_ID: 52, CELL_TARGET_ID: 55, RSRP_SOURCE: -113.96, RSRP_TARGET: -97.79, RSRQ_SOURCE: -3.00, RSRQ_TARGET: -3.00, SINR_SOURCE: -3.75, SINR_TARGET: 15.51, TIME_TO_TRIGGER: 12.00, A3_OFFSET: 10.00, HOF: 1
TIMESTAMP: 67, UE_ID: 11, CELL_SOURCE_ID: 24, CELL_TARGET_ID: 1, RSRP_SOURCE: -108.21, RSRP_TARGET: -96.89, RSRQ_SOURCE: -3.00, RSRQ_TARGET: -3.00, SINR_SOURCE: 2.09, SINR_TARGET: 13.40, TIME_TO_TRIGGER: 12.00, A3_OFFSET: 10.00, HOF: 1
TIMESTAMP: 69, UE_ID: 2, CELL_SOURCE_ID: 52, CELL_TARGET_ID: 55, RSRP_SOURCE: -104.76, RSRP_TARGET: -90.72, RSRQ_SOURCE: -3.00, RSRQ_TARGET: -3.00, SINR_SOURCE: 2.46, SINR_TARGET: 17.41, TIME_TO_TRIGGER: 12.00, A3_OFFSET: 10.00, HOF: 1
TIMESTAMP: 69, UE_ID: 93, CELL_SOURCE_ID: 33, CELL_TARGET_ID: 34, RSRP_SOURCE: -104.07, RSRP_TARGET: -91.95, RSRQ_SOURCE: -3.00, RSRQ_TARGET: -3.00, SINR_SOURCE: 5.19, SINR_TARGET: 17.95, TIME_TO_TRIGGER: 12.00, A3_OFFSET: 10.00, HOF: 1
TIMESTAMP: 74, UE_ID: 14, CELL_SOURCE_ID: 34, CELL_TARGET_ID: 31, RSRP_SOURCE: -106.19, RSRP_TARGET: -92.73, RSRQ_SOURCE: -3.00, RSRQ_TARGET: -3.00, SINR_SOURCE: 2.28, SINR_TARGET: 17.92, TIME_TO_TRIGGER: 12.00, A3_OFFSET: 10.00, HOF: 1
TIMESTAMP: 81, UE_ID: 10, CELL_SOURCE_ID: 12, CELL_TARGET_ID: 1, RSRP_SOURCE: -102.77, RSRP_TARGET: -89.32, RSRQ_SOURCE: -3.00, RSRQ_TARGET: -3.00, SINR_SOURCE: 5.74, SINR_TARGET: 18.86, TIME_TO_TRIGGER: 12.00, A3_OFFSET: 10.00, HOF: 1
TIMESTAMP: 83, UE_ID: 32, CELL_SOURCE_ID: 38, CELL_TARGET_ID: 13, RSRP_SOURCE: -111.74, RSRP_TARGET: -98.23, RSRQ_SOURCE: -3.00, RSRQ_TARGET: -3.00, SINR_SOURCE: -2.97, SINR_TARGET: 10.21, TIME_TO_TRIGGER: 12.00, A3_OFFSET: 10.00, HOF: 1
TIMESTAMP: 85, UE_ID: 18, CELL_SOURCE_ID: 5, CELL_TARGET_ID: 22, RSRP_SOURCE: -109.07, RSRP_TARGET: -94.89, RSRQ_SOURCE: -3.00, RSRQ_TARGET: -3.00, SINR_SOURCE: -0.38, SINR_TARGET: 14.06, TIME_TO_TRIGGER: 12.00, A3_OFFSET: 10.00, HOF: 1
TIMESTAMP: 85, UE_ID: 38, CELL_SOURCE_ID: 20, CELL_TARGET_ID: 52, RSRP_SOURCE: -107.87, RSRP_TARGET: -91.12, RSRQ_SOURCE: -3.00, RSRQ_TARGET: -3.00, SINR_SOURCE: 3.07, SINR_TARGET: 16.16, TIME_TO_TRIGGER: 12.00, A3_OFFSET: 10.00, HOF: 1
TIMESTAMP: 87, UE_ID: 59, CELL_SOURCE_ID: 27, CELL_TARGET_ID: 7, RSRP_SOURCE: -110.69, RSRP_TARGET: -95.00, RSRQ_SOURCE: -3.00, RSRQ_TARGET: -3.00, SINR_SOURCE: -1.12, SINR_TARGET: 13.25, TIME_TO_TRIGGER: 12.00, A3_OFFSET: 10.00, HOF: 1
TIMESTAMP: 88, UE_ID: 19, CELL_SOURCE_ID: 40, CELL_TARGET_ID: 37, RSRP_SOURCE: -111.59, RSRP_TARGET: -86.67, RSRQ_SOURCE: -3.00, RSRQ_TARGET: -3.00, SINR_SOURCE: -0.65, SINR_TARGET: 23.64, TIME_TO_TRIGGER: 12.00, A3_OFFSET: 10.00, HOF: 1
TIMESTAMP: 91, UE_ID: 32, CELL_SOURCE_ID: 13, CELL_TARGET_ID: 40, RSRP_SOURCE: -111.29, RSRP_TARGET: -93.55, RSRQ_SOURCE: -3.00, RSRQ_TARGET: -3.00, SINR_SOURCE: -2.46, SINR_TARGET: 19.72, TIME_TO_TRIGGER: 12.00, A3_OFFSET: 10.00, HOF: 1
TIMESTAMP: 91, UE_ID: 47, CELL_SOURCE_ID: 24, CELL_TARGET_ID: 1, RSRP_SOURCE: -99.66, RSRP_TARGET: -84.74, RSRQ_SOURCE: -3.00, RSRQ_TARGET: -3.00, SINR_SOURCE: 10.14, SINR_TARGET: 24.92, TIME_TO_TRIGGER: 12.00, A3_OFFSET: 10.00, HOF: 1
TIMESTAMP: 91, UE_ID: 92, CELL_SOURCE_ID: 17, CELL_TARGET_ID: 1, RSRP_SOURCE: -113.13, RSRP_TARGET: -102.75, RSRQ_SOURCE: -3.00, RSRQ_TARGET: -3.00, SINR_SOURCE: -3.38, SINR_TARGET: 6.22, TIME_TO_TRIGGER: 12.00, A3_OFFSET: 10.00, HOF: 1
TIMESTAMP: 92, UE_ID: 53, CELL_SOURCE_ID: 5, CELL_TARGET_ID: 22, RSRP_SOURCE: -104.70, RSRP_TARGET: -94.24, RSRQ_SOURCE: -3.00, RSRQ_TARGET: -3.00, SINR_SOURCE: 4.80, SINR_TARGET: 15.36, TIME_TO_TRIGGER: 12.00, A3_OFFSET: 10.00, HOF: 1
TIMESTAMP: 94, UE_ID: 66, CELL_SOURCE_ID: 40, CELL_TARGET_ID: 34, RSRP_SOURCE: -109.00, RSRP_TARGET: -96.41, RSRQ_SOURCE: -3.00, RSRQ_TARGET: -3.00, SINR_SOURCE: 2.43, SINR_TARGET: 14.18, TIME_TO_TRIGGER: 12.00, A3_OFFSET: 10.00, HOF: 1
TIMESTAMP: 97, UE_ID: 12, CELL_SOURCE_ID: 50, CELL_TARGET_ID: 1, RSRP_SOURCE: -107.33, RSRP_TARGET: -95.91, RSRQ_SOURCE: -3.00, RSRQ_TARGET: -3.00, SINR_SOURCE: 0.32, SINR_TARGET: 15.49, TIME_TO_TRIGGER: 12.00, A3_OFFSET: 10.00, HOF: 1
TIMESTAMP: 97, UE_ID: 67, CELL_SOURCE_ID: 1, CELL_TARGET_ID: 16, RSRP_SOURCE: -109.92, RSRP_TARGET: -94.65, RSRQ_SOURCE: -3.00, RSRQ_TARGET: -3.00, SINR_SOURCE: -0.30, SINR_TARGET: 14.16, TIME_TO_TRIGGER: 12.00, A3_OFFSET: 10.00, HOF: 1
TIMESTAMP: 98, UE_ID: 82, CELL_SOURCE_ID: 35, CELL_TARGET_ID: 31, RSRP_SOURCE: -110.84, RSRP_TARGET: -96.47, RSRQ_SOURCE: -3.00, RSRQ_TARGET: -3.00, SINR_SOURCE: -0.72, SINR_TARGET: 13.22, TIME_TO_TRIGGER: 12.00, A3_OFFSET: 10.00, HOF: 1
TIMESTAMP: 101, UE_ID: 44, CELL_SOURCE_ID: 1, CELL_TARGET_ID: 13, RSRP_SOURCE: -113.99, RSRP_TARGET: -101.54, RSRQ_SOURCE: -3.00, RSRQ_TARGET: -3.00, SINR_SOURCE: -4.23, SINR_TARGET: 9.68, TIME_TO_TRIGGER: 12.00, A3_OFFSET: 10.00, HOF: 0
TIMESTAMP: 102, UE_ID: 5, CELL_SOURCE_ID: 51, CELL_TARGET_ID: 19, RSRP_SOURCE: -111.23, RSRP_TARGET: -99.28, RSRQ_SOURCE: -3.00, RSRQ_TARGET: -3.00, SINR_SOURCE: -1.24, SINR_TARGET: 11.28, TIME_TO_TRIGGER: 12.00, A3_OFFSET: 10.00, HOF: 1
TIMESTAMP: 103, UE_ID: 83, CELL_SOURCE_ID: 34, CELL_TARGET_ID: 7, RSRP_SOURCE: -112.02, RSRP_TARGET: -87.01, RSRQ_SOURCE: -3.00, RSRQ_TARGET: -3.00, SINR_SOURCE: -1.15, SINR_TARGET: 26.97, TIME_TO_TRIGGER: 12.00, A3_OFFSET: 10.00, HOF: 1
TIMESTAMP: 106, UE_ID: 48, CELL_SOURCE_ID: 5, CELL_TARGET_ID: 1, RSRP_SOURCE: -114.40, RSRP_TARGET: -100.16, RSRQ_SOURCE: -3.00, RSRQ_TARGET: -3.00, SINR_SOURCE: -2.69, SINR_TARGET: 9.74, TIME_TO_TRIGGER: 12.00, A3_OFFSET: 10.00, HOF: 1
TIMESTAMP: 107, UE_ID: 77, CELL_SOURCE_ID: 31, CELL_TARGET_ID: 25, RSRP_SOURCE: -114.10, RSRP_TARGET: -102.38, RSRQ_SOURCE: -3.00, RSRQ_TARGET: -3.00, SINR_SOURCE: -3.19, SINR_TARGET: 7.63, TIME_TO_TRIGGER: 12.00, A3_OFFSET: 10.00, HOF: 1
TIMESTAMP: 108, UE_ID: 4, CELL_SOURCE_ID: 47, CELL_TARGET_ID: 1, RSRP_SOURCE: -107.35, RSRP_TARGET: -96.05, RSRQ_SOURCE: -3.00, RSRQ_TARGET: -3.00, SINR_SOURCE: 3.40, SINR_TARGET: 14.62, TIME_TO_TRIGGER: 12.00, A3_OFFSET: 10.00, HOF: 1
TIMESTAMP: 109, UE_ID: 62, CELL_SOURCE_ID: 9, CELL_TARGET_ID: 4, RSRP_SOURCE: -111.07, RSRP_TARGET: -100.92, RSRQ_SOURCE: -3.00, RSRQ_TARGET: -3.00, SINR_SOURCE: -0.08, SINR_TARGET: 7.71, TIME_TO_TRIGGER: 12.00, A3_OFFSET: 10.00, HOF: 1
TIMESTAMP: 110, UE_ID: 25, CELL_SOURCE_ID: 43, CELL_TARGET_ID: 1, RSRP_SOURCE: -107.36, RSRP_TARGET: -91.74, RSRQ_SOURCE: -3.00, RSRQ_TARGET: -3.00, SINR_SOURCE: 5.36, SINR_TARGET: 18.94, TIME_TO_TRIGGER: 12.00, A3_OFFSET: 10.00, HOF: 1
TIMESTAMP: 112, UE_ID: 44, CELL_SOURCE_ID: 1, CELL_TARGET_ID: 13, RSRP_SOURCE: -108.04, RSRP_TARGET: -94.86, RSRQ_SOURCE: -3.00, RSRQ_TARGET: -3.00, SINR_SOURCE: 0.86, SINR_TARGET: 18.66, TIME_TO_TRIGGER: 12.00, A3_OFFSET: 10.00, HOF: 1
TIMESTAMP: 114, UE_ID: 67, CELL_SOURCE_ID: 16, CELL_TARGET_ID: 46, RSRP_SOURCE: -108.24, RSRP_TARGET: -94.58, RSRQ_SOURCE: -3.00, RSRQ_TARGET: -3.00, SINR_SOURCE: 3.72, SINR_TARGET: 14.09, TIME_TO_TRIGGER: 12.00, A3_OFFSET: 10.00, HOF: 1
TIMESTAMP: 120, UE_ID: 38, CELL_SOURCE_ID: 52, CELL_TARGET_ID: 55, RSRP_SOURCE: -110.92, RSRP_TARGET: -98.60, RSRQ_SOURCE: -3.00, RSRQ_TARGET: -3.00, SINR_SOURCE: 2.75, SINR_TARGET: 7.61, TIME_TO_TRIGGER: 12.00, A3_OFFSET: 10.00, HOF: 1
TIMESTAMP: 122, UE_ID: 53, CELL_SOURCE_ID: 22, CELL_TARGET_ID: 25, RSRP_SOURCE: -104.58, RSRP_TARGET: -59.02, RSRQ_SOURCE: -3.00, RSRQ_TARGET: -3.00, SINR_SOURCE: 10.05, SINR_TARGET: 52.22, TIME_TO_TRIGGER: 12.00, A3_OFFSET: 10.00, HOF: 1
TIMESTAMP: 126, UE_ID: 29, CELL_SOURCE_ID: 52, CELL_TARGET_ID: 55, RSRP_SOURCE: -106.49, RSRP_TARGET: -84.81, RSRQ_SOURCE: -3.00, RSRQ_TARGET: -3.00, SINR_SOURCE: 1.69, SINR_TARGET: 23.77, TIME_TO_TRIGGER: 12.00, A3_OFFSET: 10.00, HOF: 1
TIMESTAMP: 129, UE_ID: 92, CELL_SOURCE_ID: 1, CELL_TARGET_ID: 8, RSRP_SOURCE: -110.29, RSRP_TARGET: -100.04, RSRQ_SOURCE: -3.00, RSRQ_TARGET: -3.00, SINR_SOURCE: -0.42, SINR_TARGET: 12.11, TIME_TO_TRIGGER: 12.00, A3_OFFSET: 10.00, HOF: 1
TIMESTAMP: 134, UE_ID: 5, CELL_SOURCE_ID: 19, CELL_TARGET_ID: 52, RSRP_SOURCE: -108.68, RSRP_TARGET: -94.71, RSRQ_SOURCE: -3.00, RSRQ_TARGET: -3.00, SINR_SOURCE: 2.44, SINR_TARGET: 13.74, TIME_TO_TRIGGER: 12.00, A3_OFFSET: 10.00, HOF: 1
TIMESTAMP: 138, UE_ID: 62, CELL_SOURCE_ID: 4, CELL_TARGET_ID: 52, RSRP_SOURCE: -114.31, RSRP_TARGET: -103.48, RSRQ_SOURCE: -3.00, RSRQ_TARGET: -3.00, SINR_SOURCE: -6.17, SINR_TARGET: 4.01, TIME_TO_TRIGGER: 12.00, A3_OFFSET: 10.00, HOF: 1
TIMESTAMP: 141, UE_ID: 44, CELL_SOURCE_ID: 13, CELL_TARGET_ID: 40, RSRP_SOURCE: -108.49, RSRP_TARGET: -96.61, RSRQ_SOURCE: -3.00, RSRQ_TARGET: -3.00, SINR_SOURCE: 1.42, SINR_TARGET: 12.15, TIME_TO_TRIGGER: 12.00, A3_OFFSET: 10.00, HOF: 1
TIMESTAMP: 144, UE_ID: 44, CELL_SOURCE_ID: 40, CELL_TARGET_ID: 43, RSRP_SOURCE: -111.07, RSRP_TARGET: -79.07, RSRQ_SOURCE: -3.00, RSRQ_TARGET: -3.00, SINR_SOURCE: 2.90, SINR_TARGET: 31.41, TIME_TO_TRIGGER: 12.00, A3_OFFSET: 10.00, HOF: 1
TIMESTAMP: 145, UE_ID: 93, CELL_SOURCE_ID: 34, CELL_TARGET_ID: 37, RSRP_SOURCE: -105.97, RSRP_TARGET: -89.59, RSRQ_SOURCE: -3.00, RSRQ_TARGET: -3.00, SINR_SOURCE: 4.35, SINR_TARGET: 21.76, TIME_TO_TRIGGER: 12.00, A3_OFFSET: 10.00, HOF: 1
TIMESTAMP: 149, UE_ID: 87, CELL_SOURCE_ID: 21, CELL_TARGET_ID: 22, RSRP_SOURCE: -108.19, RSRP_TARGET: -97.72, RSRQ_SOURCE: -3.00, RSRQ_TARGET: -3.00, SINR_SOURCE: -0.47, SINR_TARGET: 14.46, TIME_TO_TRIGGER: 12.00, A3_OFFSET: 10.00, HOF: 1
TIMESTAMP: 152, UE_ID: 64, CELL_SOURCE_ID: 7, CELL_TARGET_ID: 28, RSRP_SOURCE: -109.53, RSRP_TARGET: -94.61, RSRQ_SOURCE: -3.00, RSRQ_TARGET: -3.00, SINR_SOURCE: 0.39, SINR_TARGET: 19.11, TIME_TO_TRIGGER: 12.00, A3_OFFSET: 10.00, HOF: 1
TIMESTAMP: 154, UE_ID: 48, CELL_SOURCE_ID: 1, CELL_TARGET_ID: 16, RSRP_SOURCE: -110.68, RSRP_TARGET: -97.23, RSRQ_SOURCE: -3.00, RSRQ_TARGET: -3.00, SINR_SOURCE: 0.64, SINR_TARGET: 14.55, TIME_TO_TRIGGER: 12.00, A3_OFFSET: 10.00, HOF: 1
TIMESTAMP: 166, UE_ID: 95, CELL_SOURCE_ID: 53, CELL_TARGET_ID: 55, RSRP_SOURCE: -110.50, RSRP_TARGET: -80.81, RSRQ_SOURCE: -3.00, RSRQ_TARGET: -3.00, SINR_SOURCE: 1.38, SINR_TARGET: 28.12, TIME_TO_TRIGGER: 12.00, A3_OFFSET: 10.00, HOF: 1
TIMESTAMP: 177, UE_ID: 51, CELL_SOURCE_ID: 23, CELL_TARGET_ID: 25, RSRP_SOURCE: -109.03, RSRP_TARGET: -85.01, RSRQ_SOURCE: -3.00, RSRQ_TARGET: -3.00, SINR_SOURCE: 3.76, SINR_TARGET: 25.13, TIME_TO_TRIGGER: 12.00, A3_OFFSET: 10.00, HOF: 1
TIMESTAMP: 178, UE_ID: 92, CELL_SOURCE_ID: 8, CELL_TARGET_ID: 28, RSRP_SOURCE: -113.52, RSRP_TARGET: -102.77, RSRQ_SOURCE: -3.00, RSRQ_TARGET: -3.00, SINR_SOURCE: -7.15, SINR_TARGET: 6.38, TIME_TO_TRIGGER: 12.00, A3_OFFSET: 10.00, HOF: 1
TIMESTAMP: 183, UE_ID: 5, CELL_SOURCE_ID: 52, CELL_TARGET_ID: 55, RSRP_SOURCE: -104.87, RSRP_TARGET: -86.28, RSRQ_SOURCE: -3.00, RSRQ_TARGET: -3.00, SINR_SOURCE: 2.89, SINR_TARGET: 20.98, TIME_TO_TRIGGER: 12.00, A3_OFFSET: 10.00, HOF: 1
TIMESTAMP: 187, UE_ID: 48, CELL_SOURCE_ID: 16, CELL_TARGET_ID: 46, RSRP_SOURCE: -107.68, RSRP_TARGET: -92.46, RSRQ_SOURCE: -3.00, RSRQ_TARGET: -3.00, SINR_SOURCE: 4.54, SINR_TARGET: 17.91, TIME_TO_TRIGGER: 12.00, A3_OFFSET: 10.00, HOF: 1
TIMESTAMP: 194, UE_ID: 83, CELL_SOURCE_ID: 7, CELL_TARGET_ID: 4, RSRP_SOURCE: -109.87, RSRP_TARGET: -99.83, RSRQ_SOURCE: -3.00, RSRQ_TARGET: -3.00, SINR_SOURCE: -0.15, SINR_TARGET: 12.05, TIME_TO_TRIGGER: 12.00, A3_OFFSET: 10.00, HOF: 0
TIMESTAMP: 199, UE_ID: 92, CELL_SOURCE_ID: 28, CELL_TARGET_ID: 31, RSRP_SOURCE: -113.75, RSRP_TARGET: -90.46, RSRQ_SOURCE: -3.00, RSRQ_TARGET: -3.00, SINR_SOURCE: -6.13, SINR_TARGET: 18.19, TIME_TO_TRIGGER: 12.00, A3_OFFSET: 10.00, HOF: 1
TIMESTAMP: 205, UE_ID: 83, CELL_SOURCE_ID: 7, CELL_TARGET_ID: 4, RSRP_SOURCE: -108.67, RSRP_TARGET: -98.14, RSRQ_SOURCE: -3.00, RSRQ_TARGET: -3.00, SINR_SOURCE: 2.67, SINR_TARGET: 9.19, TIME_TO_TRIGGER: 12.00, A3_OFFSET: 10.00, HOF: 1
TIMESTAMP: 208, UE_ID: 64, CELL_SOURCE_ID: 28, CELL_TARGET_ID: 31, RSRP_SOURCE: -109.32, RSRP_TARGET: -89.12, RSRQ_SOURCE: -3.00, RSRQ_TARGET: -3.00, SINR_SOURCE: 2.15, SINR_TARGET: 16.39, TIME_TO_TRIGGER: 12.00, A3_OFFSET: 10.00, HOF: 1
TIMESTAMP: 211, UE_ID: 62, CELL_SOURCE_ID: 52, CELL_TARGET_ID: 55, RSRP_SOURCE: -109.18, RSRP_TARGET: -97.74, RSRQ_SOURCE: -3.00, RSRQ_TARGET: -3.00, SINR_SOURCE: 0.44, SINR_TARGET: 10.19, TIME_TO_TRIGGER: 12.00, A3_OFFSET: 10.00, HOF: 1
TIMESTAMP: 235, UE_ID: 48, CELL_SOURCE_ID: 46, CELL_TARGET_ID: 49, RSRP_SOURCE: -111.72, RSRP_TARGET: -86.91, RSRQ_SOURCE: -3.00, RSRQ_TARGET: -3.00, SINR_SOURCE: -0.63, SINR_TARGET: 19.94, TIME_TO_TRIGGER: 12.00, A3_OFFSET: 10.00, HOF: 1
TIMESTAMP: 237, UE_ID: 83, CELL_SOURCE_ID: 4, CELL_TARGET_ID: 22, RSRP_SOURCE: -105.99, RSRP_TARGET: -95.42, RSRQ_SOURCE: -3.00, RSRQ_TARGET: -3.00, SINR_SOURCE: 6.39, SINR_TARGET: 13.88, TIME_TO_TRIGGER: 12.00, A3_OFFSET: 10.00, HOF: 1
TIMESTAMP: 238, UE_ID: 63, CELL_SOURCE_ID: 12, CELL_TARGET_ID: 7, RSRP_SOURCE: -112.42, RSRP_TARGET: -101.08, RSRQ_SOURCE: -3.00, RSRQ_TARGET: -3.00, SINR_SOURCE: -3.41, SINR_TARGET: 10.44, TIME_TO_TRIGGER: 12.00, A3_OFFSET: 10.00, HOF: 1
