TIMESTAMP: 45, UE_ID: 4, CELL_SOURCE_ID: 46, CELL_TARGET_ID: 16, RSRP_SOURCE: -102.54, RSRP_TARGET: -81.50, RSRQ_SOURCE: -3.00, RSRQ_TARGET: -3.00, SINR_SOURCE: 11.98, SINR_TARGET: 25.29, TIME_TO_TRIGGER: 12.00, A3_OFFSET: 10.00, HOF: 1
TIMESTAMP: 55, UE_ID: 9, CELL_SOURCE_ID: 54, CELL_TARGET_ID: 55, RSRP_SOURCE: -106.94, RSRP_TARGET: -66.75, RSRQ_SOURCE: -3.00, RSRQ_TARGET: -3.00, SINR_SOURCE: 1.97, SINR_TARGET: 44.12, TIME_TO_TRIGGER: 12.00, A3_OFFSET: 10.00, HOF: 1
TIMESTAMP: 57, UE_ID: 74, CELL_SOURCE_ID: 52, CELL_TARGET_ID: 55, RSRP_SOURCE: -108.19, RSRP_TARGET: -88.91, RSRQ_SOURCE: -3.00, RSRQ_TARGET: -3.00, SINR_SOURCE: 2.30, SINR_TARGET: 23.27, TIME_TO_TRIGGER: 12.00, A3_OFFSET: 10.00, HOF: 1
TIMESTAMP: 58, UE_ID: 45, CELL_SOURCE_ID: 36, CELL_TARGET_ID: 37, RSRP_SOURCE: -110.85, RSRP_TARGET: -91.90, RSRQ_SOURCE: -3.00, RSRQ_TARGET: -3.00, SINR_SOURCE: -4.31, SINR_TARGET: 15.13, TIME_TO_TRIGGER: 12.00, A3_OFFSET: 10.00, HOF: 1
TIMESTAMP: 60, UE_ID: 35, CELL_SOURCE_ID: 52, CELL_TARGET_ID: 55, RSRP_SOURCE: -109.97, RSRP_TARGET: -89.15, RSRQ_SOURCE: -3.00, RSRQ_TARGET: -3.00, SINR_SOURCE: 0.25, SINR_TARGET: 18.10, TIME_TO_TRIGGER: 12.00, A3_OFFSET: 10.00, HOF: 1
TIMESTAMP: 61, UE_ID: 58, CELL_SOURCE_ID: 42, CELL_TARGET_ID: 43, RSRP_SOURCE: -108.23, RSRP_TARGET: -87.56, RSRQ_SOURCE: -3.00, RSRQ_TARGET: -3.00, SINR_SOURCE: 1.11, SINR_TARGET: 25.18, TIME_TO_TRIGGER: 12.00, A3_OFFSET: 10.00, HOF: 1
TIMESTAMP: 69, UE_ID: 2, CELL_SOURCE_ID: 52, CELL_TARGET_ID: 55, RSRP_SOURCE: -104.58, RSRP_TARGET: -91.66, RSRQ_SOURCE: -3.00, RSRQ_TARGET: -3.00, SINR_SOURCE: 2.64, SINR_TARGET: 16.47, TIME_TO_TRIGGER: 12.00, A3_OFFSET: 10.00, HOF: 1
TIMESTAMP: 71, UE_ID: 32, CELL_SOURCE_ID: 39, CELL_TARGET_ID: 13, RSRP_SOURCE: -110.46, RSRP_TARGET: -99.46, RSRQ_SOURCE: -3.00, RSRQ_TARGET: -3.00, SINR_SOURCE: 0.44, SINR_TARGET: 10.23, TIME_TO_TRIGGER: 12.00, A3_OFFSET: 10.00, HOF: 1
TIMESTAMP: 73, UE_ID: 14, CELL_SOURCE_ID: 36, CELL_TARGET_ID: 31, RSRP_SOURCE: -109.25, RSRP_TARGET: -98.69, RSRQ_SOURCE: -3.00, RSRQ_TARGET: -3.00, SINR_SOURCE: -0.49, SINR_TARGET: 8.99, TIME_TO_TRIGGER: 12.00, A3_OFFSET: 10.00, HOF: 1
TIMESTAMP: 81, UE_ID: 10, CELL_SOURCE_ID: 12, CELL_TARGET_ID: 1, RSRP_SOURCE: -104.13, RSRP_TARGET: -88.34, RSRQ_SOURCE: -3.00, RSRQ_TARGET: -3.00, SINR_SOURCE: 4.39, SINR_TARGET: 19.84, TIME_TO_TRIGGER: 12.00, A3_OFFSET: 10.00, HOF: 1
TIMESTAMP: 83, UE_ID: 77, CELL_SOURCE_ID: 33, CELL_TARGET_ID: 28, RSRP_SOURCE: -109.93, RSRP_TARGET: -92.99, RSRQ_SOURCE: -3.00, RSRQ_TARGET: -3.00, SINR_SOURCE: -1.73, SINR_TARGET: 15.21, TIME_TO_TRIGGER: 12.00, A3_OFFSET: 10.00, HOF: 1
TIMESTAMP: 85, UE_ID: 38, CELL_SOURCE_ID: 20, CELL_TARGET_ID: 52, RSRP_SOURCE: -105.40, RSRP_TARGET: -92.36, RSRQ_SOURCE: -3.00, RSRQ_TARGET: -3.00, SINR_SOURCE: 5.54, SINR_TARGET: 14.92, TIME_TO_TRIGGER: 12.00, A3_OFFSET: 10.00, HOF: 1
TIMESTAMP: 86, UE_ID: 59, CELL_SOURCE_ID: 27, CELL_TARGET_ID: 7, RSRP_SOURCE: -109.73, RSRP_TARGET: -90.53, RSRQ_SOURCE: -3.00, RSRQ_TARGET: -3.00, SINR_SOURCE: -0.89, SINR_TARGET: 17.53, TIME_TO_TRIGGER: 12.00, A3_OFFSET: 10.00, HOF: 1
TIMESTAMP: 88, UE_ID: 19, CELL_SOURCE_ID: 40, CELL_TARGET_ID: 37, RSRP_SOURCE: -112.83, RSRP_TARGET: -86.82, RSRQ_SOURCE: -3.00, RSRQ_TARGET: -3.00, SINR_SOURCE: -1.88, SINR_TARGET: 23.49, TIME_TO_TRIGGER: 12.00, A3_OFFSET: 10.00, HOF: 1
TIMESTAMP: 90, UE_ID: 53, CELL_SOURCE_ID: 5, CELL_TARGET_ID: 22, RSRP_SOURCE: -111.24, RSRP_TARGET: -100.99, RSRQ_SOURCE: -3.00, RSRQ_TARGET: -3.00, SINR_SOURCE: -1.92, SINR_TARGET: 5.90, TIME_TO_TRIGGER: 12.00, A3_OFFSET: 10.00, HOF: 1
TIMESTAMP: 91, UE_ID: 32, CELL_SOURCE_ID: 13, CELL_TARGET_ID: 40, RSRP_SOURCE: -110.92, RSRP_TARGET: -93.08, RSRQ_SOURCE: -3.00, RSRQ_TARGET: -3.00, SINR_SOURCE: -2.10, SINR_TARGET: 20.20, TIME_TO_TRIGGER: 12.00, A3_OFFSET: 10.00, HOF: 1
TIMESTAMP: 92, UE_ID: 92, CELL_SOURCE_ID: 18, CELL_TARGET_ID: 2, RSRP_SOURCE: -114.80, RSRP_TARGET: -104.60, RSRQ_SOURCE: -3.00, RSRQ_TARGET: -3.00, SINR_SOURCE: -4.97, SINR_TARGET: 3.01, TIME_TO_TRIGGER: 12.00, A3_OFFSET: 10.00, HOF: 1
TIMESTAMP: 93, UE_ID: 66, CELL_SOURCE_ID: 40, CELL_TARGET_ID: 34, RSRP_SOURCE: -106.90, RSRP_TARGET: -94.74, RSRQ_SOURCE: -3.00, RSRQ_TARGET: -3.00, SINR_SOURCE: 4.19, SINR_TARGET: 13.45, TIME_TO_TRIGGER: 12.00, A3_OFFSET: 10.00, HOF: 1
TIMESTAMP: 96, UE_ID: 62, CELL_SOURCE_ID: 8, CELL_TARGET_ID: 4, RSRP_SOURCE: -108.79, RSRP_TARGET: -94.77, RSRQ_SOURCE: -3.00, RSRQ_TARGET: -3.00, SINR_SOURCE: 2.10, SINR_TARGET: 17.98, TIME_TO_TRIGGER: 12.00, A3_OFFSET: 10.00, HOF: 1
TIMESTAMP: 98, UE_ID: 82, CELL_SOURCE_ID: 35, CELL_TARGET_ID: 31, RSRP_SOURCE: -110.78, RSRP_TARGET: -96.40, RSRQ_SOURCE: -3.00, RSRQ_TARGET: -3.00, SINR_SOURCE: -0.66, SINR_TARGET: 13.29, TIME_TO_TRIGGER: 12.00, A3_OFFSET: 10.00, HOF: 1
TIMESTAMP: 101, UE_ID: 44, CELL_SOURCE_ID: 1, CELL_TARGET_ID: 13, RSRP_SOURCE: -112.97, RSRP_TARGET: -101.21, RSRQ_SOURCE: -3.00, RSRQ_TARGET: -3.00, SINR_SOURCE: -3.21, SINR_TARGET: 10.01, TIME_TO_TRIGGER: 12.00, A3_OFFSET: 10.00, HOF: 0
TIMESTAMP: 106, UE_ID: 48, CELL_SOURCE_ID: 5, CELL_TARGET_ID: 1, RSRP_SOURCE: -114.07, RSRP_TARGET: -99.55, RSRQ_SOURCE: -3.00, RSRQ_TARGET: -3.00, SINR_SOURCE: -2.36, SINR_TARGET: 10.35, TIME_TO_TRIGGER: 12.00, A3_OFFSET: 10.00, HOF: 1
TIMESTAMP: 111, UE_ID: 5, CELL_SOURCE_ID: 49, CELL_TARGET_ID: 19, RSRP_SOURCE: -110.24, RSRP_TARGET: -98.78, RSRQ_SOURCE: -3.00, RSRQ_TARGET: -3.00, SINR_SOURCE: -0.22, SINR_TARGET: 13.50, TIME_TO_TRIGGER: 12.00, A3_OFFSET: 10.00, HOF: 1
TIMESTAMP: 111, UE_ID: 67, CELL_SOURCE_ID: 3, CELL_TARGET_ID: 16, RSRP_SOURCE: -112.75, RSRP_TARGET: -98.32, RSRQ_SOURCE: -3.00, RSRQ_TARGET: -3.00, SINR_SOURCE: -1.93, SINR_TARGET: 11.84, TIME_TO_TRIGGER: 12.00, A3_OFFSET: 10.00, HOF: 1
TIMESTAMP: 112, UE_ID: 44, CELL_SOURCE_ID: 1, CELL_TARGET_ID: 13, RSRP_SOURCE: -107.88, RSRP_TARGET: -96.78, RSRQ_SOURCE: -3.00, RSRQ_TARGET: -3.00, SINR_SOURCE: 1.02, SINR_TARGET: 16.74, TIME_TO_TRIGGER: 12.00, A3_OFFSET: 10.00, HOF: 1
TIMESTAMP: 114, UE_ID: 67, CELL_SOURCE_ID: 16, CELL_TARGET_ID: 46, RSRP_SOURCE: -108.99, RSRP_TARGET: -94.67, RSRQ_SOURCE: -3.00, RSRQ_TARGET: -3.00, SINR_SOURCE: 2.98, SINR_TARGET: 13.99, TIME_TO_TRIGGER: 12.00, A3_OFFSET: 10.00, HOF: 1
TIMESTAMP: 115, UE_ID: 27, CELL_SOURCE_ID: 43, CELL_TARGET_ID: 37, RSRP_SOURCE: -106.87, RSRP_TARGET: -95.17, RSRQ_SOURCE: -3.00, RSRQ_TARGET: -3.00, SINR_SOURCE: 4.90, SINR_TARGET: 14.89, TIME_TO_TRIGGER: 12.00, A3_OFFSET: 10.00, HOF: 1
TIMESTAMP: 117, UE_ID: 12, CELL_SOURCE_ID: 50, CELL_TARGET_ID: 1, RSRP_SOURCE: -108.04, RSRP_TARGET: -83.72, RSRQ_SOURCE: -3.00, RSRQ_TARGET: -3.00, SINR_SOURCE: 2.85, SINR_TARGET: 27.64, TIME_TO_TRIGGER: 12.00, A3_OFFSET: 10.00, HOF: 1
TIMESTAMP: 117, UE_ID: 96, CELL_SOURCE_ID: 15, CELL_TARGET_ID: 40, RSRP_SOURCE: -107.32, RSRP_TARGET: -82.73, RSRQ_SOURCE: -3.00, RSRQ_TARGET: -3.00, SINR_SOURCE: 0.91, SINR_TARGET: 26.85, TIME_TO_TRIGGER: 12.00, A3_OFFSET: 10.00, HOF: 1
TIMESTAMP: 120, UE_ID: 38, CELL_SOURCE_ID: 52, CELL_TARGET_ID: 55, RSRP_SOURCE: -108.93, RSRP_TARGET: -98.78, RSRQ_SOURCE: -3.00, RSRQ_TARGET: -3.00, SINR_SOURCE: 4.73, SINR_TARGET: 7.43, TIME_TO_TRIGGER: 12.00, A3_OFFSET: 10.00, HOF: 1
TIMESTAMP: 122, UE_ID: 53, CELL_SOURCE_ID: 22, CELL_TARGET_ID: 25, RSRP_SOURCE: -103.38, RSRP_TARGET: -58.04, RSRQ_SOURCE: -3.00, RSRQ_TARGET: -3.00, SINR_SOURCE: 11.24, SINR_TARGET: 53.20, TIME_TO_TRIGGER: 12.00, A3_OFFSET: 10.00, HOF: 1
TIMESTAMP: 126, UE_ID: 29, CELL_SOURCE_ID: 52, CELL_TARGET_ID: 55, RSRP_SOURCE: -106.79, RSRP_TARGET: -83.31, RSRQ_SOURCE: -3.00, RSRQ_TARGET: -3.00, SINR_SOURCE: 1.39, SINR_TARGET: 25.28, TIME_TO_TRIGGER: 12.00, A3_OFFSET: 10.00, HOF: 1
TIMESTAMP: 133, UE_ID: 63, CELL_SOURCE_ID: 40, CELL_TARGET_ID: 10, RSRP_SOURCE: -112.18, RSRP_TARGET: -85.86, RSRQ_SOURCE: -3.00, RSRQ_TARGET: -3.00, SINR_SOURCE: -5.38, SINR_TARGET: 23.01, TIME_TO_TRIGGER: 12.00, A3_OFFSET: 10.00, HOF: 1
TIMESTAMP: 134, UE_ID: 5, CELL_SOURCE_ID: 19, CELL_TARGET_ID: 52, RSRP_SOURCE: -107.28, RSRP_TARGET: -95.75, RSRQ_SOURCE: -3.00, RSRQ_TARGET: -3.00, SINR_SOURCE: 3.85, SINR_TARGET: 12.69, TIME_TO_TRIGGER: 12.00, A3_OFFSET: 10.00, HOF: 1
TIMESTAMP: 140, UE_ID: 44, CELL_SOURCE_ID: 13, CELL_TARGET_ID: 40, RSRP_SOURCE: -108.30, RSRP_TARGET: -97.58, RSRQ_SOURCE: -3.00, RSRQ_TARGET: -3.00, SINR_SOURCE: -2.04, SINR_TARGET: 10.22, TIME_TO_TRIGGER: 12.00, A3_OFFSET: 10.00, HOF: 1
TIMESTAMP: 152, UE_ID: 64, CELL_SOURCE_ID: 7, CELL_TARGET_ID: 28, RSRP_SOURCE: -109.98, RSRP_TARGET: -94.53, RSRQ_SOURCE: -3.00, RSRQ_TARGET: -3.00, SINR_SOURCE: -0.06, SINR_TARGET: 19.20, TIME_TO_TRIGGER: 12.00, A3_OFFSET: 10.00, HOF: 1
TIMESTAMP: 153, UE_ID: 93, CELL_SOURCE_ID: 36, CELL_TARGET_ID: 37, RSRP_SOURCE: -105.49, RSRP_TARGET: -91.70, RSRQ_SOURCE: -3.00, RSRQ_TARGET: -3.00, SINR_SOURCE: 3.19, SINR_TARGET: 16.96, TIME_TO_TRIGGER: 12.00, A3_OFFSET: 10.00, HOF: 1
TIMESTAMP: 154, UE_ID: 44, CELL_SOURCE_ID: 40, CELL_TARGET_ID: 43, RSRP_SOURCE: -105.04, RSRP_TARGET: -82.97, RSRQ_SOURCE: -3.00, RSRQ_TARGET: -3.00, SINR_SOURCE: 4.86, SINR_TARGET: 27.80, TIME_TO_TRIGGER: 12.00, A3_OFFSET: 10.00, HOF: 1
TIMESTAMP: 154, UE_ID: 48, CELL_SOURCE_ID: 1, CELL_TARGET_ID: 16, RSRP_SOURCE: -110.05, RSRP_TARGET: -97.82, RSRQ_SOURCE: -3.00, RSRQ_TARGET: -3.00, SINR_SOURCE: 1.27, SINR_TARGET: 13.96, TIME_TO_TRIGGER: 12.00, A3_OFFSET: 10.00, HOF: 1
TIMESTAMP: 156, UE_ID: 77, CELL_SOURCE_ID: 28, CELL_TARGET_ID: 22, RSRP_SOURCE: -107.44, RSRP_TARGET: -93.07, RSRQ_SOURCE: -3.00, RSRQ_TARGET: -3.00, SINR_SOURCE: 2.07, SINR_TARGET: 15.25, TIME_TO_TRIGGER: 12.00, A3_OFFSET: 10.00, HOF: 1
TIMESTAMP: 161, UE_ID: 87, CELL_SOURCE_ID: 21, CELL_TARGET_ID: 22, RSRP_SOURCE: -113.08, RSRP_TARGET: -102.18, RSRQ_SOURCE: -3.00, RSRQ_TARGET: -3.00, SINR_SOURCE: -1.57, SINR_TARGET: 8.84, TIME_TO_TRIGGER: 12.00, A3_OFFSET: 10.00, HOF: 1
TIMESTAMP: 162, UE_ID: 25, CELL_SOURCE_ID: 16, CELL_TARGET_ID: 1, RSRP_SOURCE: -111.75, RSRP_TARGET: -95.89, RSRQ_SOURCE: -3.00, RSRQ_TARGET: -3.00, SINR_SOURCE: -0.62, SINR_TARGET: 12.98, TIME_TO_TRIGGER: 12.00, A3_OFFSET: 10.00, HOF: 1
TIMESTAMP: 166, UE_ID: 95, CELL_SOURCE_ID: 52, CELL_TARGET_ID: 55, RSRP_SOURCE: -107.54, RSRP_TARGET: -79.80, RSRQ_SOURCE: -3.00, RSRQ_TARGET: -3.00, SINR_SOURCE: 4.63, SINR_TARGET: 29.13, TIME_TO_TRIGGER: 12.00, A3_OFFSET: 10.00, HOF: 1
TIMESTAMP: 171, UE_ID: 5, CELL_SOURCE_ID: 52, CELL_TARGET_ID: 55, RSRP_SOURCE: -104.05, RSRP_TARGET: -74.69, RSRQ_SOURCE: -3.00, RSRQ_TARGET: -3.00, SINR_SOURCE: 4.17, SINR_TARGET: 35.39, TIME_TO_TRIGGER: 12.00, A3_OFFSET: 10.00, HOF: 1
TIMESTAMP: 177, UE_ID: 51, CELL_SOURCE_ID: 22, CELL_TARGET_ID: 25, RSRP_SOURCE: -109.74, RSRP_TARGET: -86.12, RSRQ_SOURCE: -3.00, RSRQ_TARGET: -3.00, SINR_SOURCE: -0.02, SINR_TARGET: 24.03, TIME_TO_TRIGGER: 12.00, A3_OFFSET: 10.00, HOF: 1
TIMESTAMP: 183, UE_ID: 90, CELL_SOURCE_ID: 9, CELL_TARGET_ID: 28, RSRP_SOURCE: -106.86, RSRP_TARGET: -92.44, RSRQ_SOURCE: -3.00, RSRQ_TARGET: -3.00, SINR_SOURCE: 4.41, SINR_TARGET: 15.88, TIME_TO_TRIGGER: 12.00, A3_OFFSET: 10.00, HOF: 1
TIMESTAMP: 187, UE_ID: 48, CELL_SOURCE_ID: 16, CELL_TARGET_ID: 46, RSRP_SOURCE: -107.53, RSRP_TARGET: -93.39, RSRQ_SOURCE: -3.00, RSRQ_TARGET: -3.00, SINR_SOURCE: 4.69, SINR_TARGET: 16.98, TIME_TO_TRIGGER: 12.00, A3_OFFSET: 10.00, HOF: 1
TIMESTAMP: 194, UE_ID: 83, CELL_SOURCE_ID: 8, CELL_TARGET_ID: 4, RSRP_SOURCE: -108.66, RSRP_TARGET: -98.59, RSRQ_SOURCE: -3.00, RSRQ_TARGET: -3.00, SINR_SOURCE: 5.44, SINR_TARGET: 13.29, TIME_TO_TRIGGER: 12.00, A3_OFFSET: 10.00, HOF: 0
TIMESTAMP: 205, UE_ID: 83, CELL_SOURCE_ID: 8, CELL_TARGET_ID: 4, RSRP_SOURCE: -107.75, RSRP_TARGET: -97.23, RSRQ_SOURCE: -3.00, RSRQ_TARGET: -3.00, SINR_SOURCE: 3.55, SINR_TARGET: 10.10, TIME_TO_TRIGGER: 12.00, A3_OFFSET: 10.00, HOF: 1
TIMESTAMP: 209, UE_ID: 63, CELL_SOURCE_ID: 10, CELL_TARGET_ID: 7, RSRP_SOURCE: -110.96, RSRP_TARGET: -96.38, RSRQ_SOURCE: -3.00, RSRQ_TARGET: -3.00, SINR_SOURCE: -0.92, SINR_TARGET: 9.86, TIME_TO_TRIGGER: 12.00, A3_OFFSET: 10.00, HOF: 1
TIMESTAMP: 210, UE_ID: 64, CELL_SOURCE_ID: 28, CELL_TARGET_ID: 31, RSRP_SOURCE: -108.96, RSRP_TARGET: -93.38, RSRQ_SOURCE: -3.00, RSRQ_TARGET: -3.00, SINR_SOURCE: -0.58, SINR_TARGET: 13.79, TIME_TO_TRIGGER: 12.00, A3_OFFSET: 10.00, HOF: 1
TIMESTAMP: 234, UE_ID: 11, CELL_SOURCE_ID: 36, CELL_TARGET_ID: 37, RSRP_SOURCE: -106.99, RSRP_TARGET: -41.82, RSRQ_SOURCE: -3.00, RSRQ_TARGET: -3.00, SINR_SOURCE: 6.38, SINR_TARGET: 68.12, TIME_TO_TRIGGER: 12.00, A3_OFFSET: 10.00, HOF: 1
TIMESTAMP: 235, UE_ID: 48, CELL_SOURCE_ID: 46, CELL_TARGET_ID: 49, RSRP_SOURCE: -112.62, RSRP_TARGET: -87.12, RSRQ_SOURCE: -3.00, RSRQ_TARGET: -3.00, SINR_SOURCE: -1.53, SINR_TARGET: 19.73, TIME_TO_TRIGGER: 12.00, A3_OFFSET: 10.00, HOF: 1
TIMESTAMP: 251, UE_ID: 32, CELL_SOURCE_ID: 47, CELL_TARGET_ID: 49, RSRP_SOURCE: -107.07, RSRP_TARGET: -91.46, RSRQ_SOURCE: -3.00, RSRQ_TARGET: -3.00, SINR_SOURCE: 6.53, SINR_TARGET: 17.67, TIME_TO_TRIGGER: 12.00, A3_OFFSET: 10.00, HOF: 1
TIMESTAMP: 353, UE_ID: 12, CELL_SOURCE_ID: 34, CELL_TARGET_ID: 37, RSRP_SOURCE: -107.31, RSRP_TARGET: -73.77, RSRQ_SOURCE: -3.00, RSRQ_TARGET: -3.00, SINR_SOURCE: 5.29, SINR_TARGET: 37.24, TIME_TO_TRIGGER: 12.00, A3_OFFSET: 10.00, HOF: 1
TIMESTAMP: 396, UE_ID: 48, CELL_SOURCE_ID: 52, CELL_TARGET_ID: 55, RSRP_SOURCE: -107.32, RSRP_TARGET: -94.23, RSRQ_SOURCE: -3.00, RSRQ_TARGET: -3.00, SINR_SOURCE: 4.24, SINR_TARGET: 14.80, TIME_TO_TRIGGER: 12.00, A3_OFFSET: 10.00, HOF: 1
